<?xml version="1.0" encoding="UTF-8"?>
<testsuite name="APIRESTAUTOMTATION"
           tests="3"
           failures="0"
           errors="0"
           skipped="0"
           time="17.668">
    <properties></properties>



            <testcase
                name="createBooking_DeleteBooking_GetBookingByIdNotExists"
                time="4.925"
                classname="com.E2EAPIRAAExam2.tests.crud.IntegrationTesting">
            </testcase>
            <testcase
                name="createBooking_UpdateBooking_GetBookingByIdAndVerify"
                time="8.212"
                classname="com.E2EAPIRAAExam2.tests.crud.IntegrationTesting">
            </testcase>
            <testcase
                name="getExistingBooking_UpdateBooking_GetBookingIdAndVerify"
                time="4.531"
                classname="com.E2EAPIRAAExam2.tests.crud.IntegrationTesting">
            </testcase>
</testsuite>
